{
  "RSpec": {
    "coverage": {
      "/Users/Eric/coding/rails_projects/Waxing_Crescent_2/app/models/classical_muslim.rb": [
        1,
        1,
        1,
        null,
        1,
        1,
        null,
        1,
        1,
        1,
        null,
        1,
        1,
        null,
        1,
        1,
        null,
        1,
        1,
        null,
        1,
        0,
        null,
        null,
        1,
        4,
        3,
        3,
        6,
        null,
        3,
        null,
        null,
        1,
        2,
        1,
        1,
        1,
        null,
        null,
        null,
        null,
        1,
        0,
        0,
        0,
        0,
        null,
        null,
        null,
        null,
        null,
        null
      ],
      "/Users/Eric/coding/rails_projects/Waxing_Crescent_2/app/models/relationship.rb": [
        1,
        null,
        null,
        1,
        1,
        1,
        null,
        null
      ]
    },
    "timestamp": 1397054627
  }
}
