{
  "RSpec": {
    "coverage": {
      "/Users/Eric/coding/rails_projects/Waxing_Crescent_2/app/models/classical_muslim.rb": [
        1,
        1,
        1,
        null,
        1,
        1,
        null,
        1,
        1,
        1,
        null,
        1,
        1,
        null,
        1,
        1,
        null,
        1,
        1,
        null,
        1,
        0,
        null,
        null,
        1,
        7,
        5,
        5,
        10,
        null,
        5,
        null,
        null,
        1,
        2,
        1,
        1,
        1,
        null,
        null,
        null,
        null,
        1,
        2,
        1,
        1,
        1,
        null,
        null,
        null,
        null,
        null,
        null
      ],
      "/Users/Eric/coding/rails_projects/Waxing_Crescent_2/app/models/relationship.rb": [
        1,
        null,
        null,
        1,
        1,
        1,
        null,
        null
      ]
    },
    "timestamp": 1397056979
  }
}
